2025-06-24 11:25:13,136 - tg_bot - INFO - ==================================================
2025-06-24 11:25:13,136 - tg_bot - INFO - Telegram 交易机器人启动
2025-06-24 11:25:13,238 - tg_bot - INFO - 启动时间: 2025-06-24 11:25:13
2025-06-24 11:25:13,239 - tg_bot - INFO - ==================================================
2025-06-24 11:25:13,239 - tg_bot - INFO - 开始加载配置文件...
2025-06-24 11:25:13,239 - tg_bot - INFO - 正在加载 Telegram 配置文件...
2025-06-24 11:25:13,239 - tg_bot - INFO - Telegram 配置文件加载成功
2025-06-24 11:25:13,239 - tg_bot - INFO - 开始加载 OKX 配置文件...
2025-06-24 11:25:13,239 - tg_bot - INFO - 正在加载 OKX 配置文件...
2025-06-24 11:25:13,240 - tg_bot - INFO - OKX 配置文件加载成功
2025-06-24 11:25:13,240 - tg_bot - INFO - 账号: Account1-PROD, 杠杆倍数: 10
2025-06-24 11:25:13,240 - tg_bot - INFO - 账号: Account2-QA, 杠杆倍数: 10
2025-06-24 11:25:13,240 - tg_bot - INFO - 正在为账号 Account1-PROD 设置杠杆倍数...
2025-06-24 11:25:13,460 - tg_bot - INFO - 设置 ETH-USDT-SWAP 的杠杆倍数为 10...
2025-06-24 11:25:14,252 - tg_bot - DEBUG - 设置杠杆结果: {'code': '0', 'data': [{'instId': 'ETH-USDT-SWAP', 'lever': '10', 'mgnMode': 'cross', 'posSide': ''}], 'msg': ''}
2025-06-24 11:25:14,252 - tg_bot - INFO - 设置 BTC-USDT-SWAP 的杠杆倍数为 10...
2025-06-24 11:25:14,490 - tg_bot - DEBUG - 设置杠杆结果: {'code': '0', 'data': [{'instId': 'BTC-USDT-SWAP', 'lever': '10', 'mgnMode': 'cross', 'posSide': ''}], 'msg': ''}
2025-06-24 11:25:14,492 - tg_bot - INFO - 正在为账号 Account2-QA 设置杠杆倍数...
2025-06-24 11:25:14,613 - tg_bot - INFO - 设置 ETH-USDT-SWAP 的杠杆倍数为 10...
2025-06-24 11:25:15,342 - tg_bot - DEBUG - 设置杠杆结果: {'code': '0', 'data': [{'instId': 'ETH-USDT-SWAP', 'lever': '10', 'mgnMode': 'cross', 'posSide': ''}], 'msg': ''}
2025-06-24 11:25:15,342 - tg_bot - INFO - 设置 BTC-USDT-SWAP 的杠杆倍数为 10...
2025-06-24 11:25:15,700 - tg_bot - DEBUG - 设置杠杆结果: {'code': '0', 'data': [{'instId': 'BTC-USDT-SWAP', 'lever': '10', 'mgnMode': 'cross', 'posSide': ''}], 'msg': ''}
2025-06-24 11:25:15,702 - tg_bot - INFO - 开始加载监听群组...
2025-06-24 11:25:15,702 - tg_bot - INFO - 正在加载监听群组列表...
2025-06-24 11:25:15,703 - tg_bot - INFO - 已加载 2 个监听群组
2025-06-24 11:25:15,704 - tg_bot - INFO - 监听群组 IDs: [-1001638841860, -4831222036]
2025-06-24 11:25:15,704 - tg_bot - INFO - 代理配置已加载: 127.0.0.1:12334
2025-06-24 11:25:15,704 - tg_bot - INFO - 开始创建 Telegram 客户端...
2025-06-24 11:25:17,290 - tg_bot - INFO - Telegram 客户端创建成功，开始监听消息...
2025-06-24 11:25:17,290 - tg_bot - INFO - 开始监听群组: [-1001638841860, -4831222036]
2025-06-24 11:45:51,361 - tg_bot - INFO - 收到来自[群组ID:-4831222036]的新消息
2025-06-24 11:45:51,363 - tg_bot - DEBUG - 完整消息内容: 9
2025-06-24 11:45:51,551 - tg_bot - INFO - 发送消息到日志记录群组...
2025-06-24 11:45:51,750 - tg_bot - INFO - 消息已发送到日志记录群组
2025-06-24 11:45:51,750 - tg_bot - DEBUG - 正在从消息中提取交易信息: 9...
2025-06-24 11:45:51,751 - tg_bot - WARNING - 无法从消息中提取交易信息
2025-06-24 11:45:51,751 - tg_bot - INFO - 发送无交易信号通知到日志记录群组...
2025-06-24 11:45:51,940 - tg_bot - INFO - 无交易信号通知已发送
2025-06-24 13:03:45,155 - tg_bot - INFO - ==================================================
2025-06-24 13:03:45,156 - tg_bot - INFO - Telegram 交易机器人停止运行
2025-06-24 13:03:45,157 - tg_bot - INFO - 停止时间: 2025-06-24 13:03:45
2025-06-24 13:03:45,157 - tg_bot - INFO - ==================================================
2025-06-24 13:08:16,203 - tg_bot - INFO - ==================================================
2025-06-24 13:08:16,204 - tg_bot - INFO - Telegram 交易机器人启动
2025-06-24 13:08:16,298 - tg_bot - INFO - 启动时间: 2025-06-24 13:08:16
2025-06-24 13:08:16,298 - tg_bot - INFO - ==================================================
2025-06-24 13:08:16,298 - tg_bot - INFO - 开始加载配置文件...
2025-06-24 13:08:16,299 - tg_bot - INFO - 正在加载 Telegram 配置文件...
2025-06-24 13:08:16,299 - tg_bot - INFO - Telegram 配置文件加载成功
2025-06-24 13:08:16,299 - tg_bot - INFO - 开始加载 OKX 配置文件...
2025-06-24 13:08:16,299 - tg_bot - INFO - 正在加载 OKX 配置文件...
2025-06-24 13:08:16,300 - tg_bot - INFO - OKX 配置文件加载成功
2025-06-24 13:08:16,300 - tg_bot - INFO - 账号: Account1-PROD, 杠杆倍数: 10
2025-06-24 13:08:16,300 - tg_bot - INFO - 账号: Account2-QA, 杠杆倍数: 10
2025-06-24 13:08:16,300 - tg_bot - INFO - 开始加载监听群组...
2025-06-24 13:08:16,300 - tg_bot - INFO - 正在加载监听群组列表...
2025-06-24 13:08:16,301 - tg_bot - INFO - 已加载 2 个监听群组
2025-06-24 13:08:16,301 - tg_bot - INFO - 监听群组 IDs: [-1001638841860, -4831222036]
2025-06-24 13:08:16,301 - tg_bot - INFO - 代理配置已加载: 127.0.0.1:12334
2025-06-24 13:08:16,301 - tg_bot - INFO - 开始创建 Telegram 客户端...
2025-06-24 13:08:18,303 - tg_bot - INFO - Telegram 客户端创建成功，开始监听消息...
2025-06-24 13:08:18,303 - tg_bot - INFO - 开始监听群组: [-1001638841860, -4831222036]
2025-06-24 13:09:51,212 - tg_bot - ERROR - 主函数运行出错: disk I/O error
2025-06-24 13:09:51,222 - tg_bot - ERROR - Traceback (most recent call last):
  File "/Users/will/PycharmProjects/pythonProject3/Telegram Project/交易1.2自动重启2h.py", line 480, in main
    time.sleep(1)  # 防止循环过于频繁
    ^^^^^^^^^^^^^
KeyboardInterrupt

During handling of the above exception, another exception occurred:

Traceback (most recent call last):
  File "/Users/will/PycharmProjects/pythonProject3/Telegram Project/交易1.2自动重启2h.py", line 366, in main
    with TelegramClient(f'session_{phone_number}', api_id, api_hash,
  File "/opt/anaconda3/lib/python3.11/site-packages/telethon/helpers.py", line 228, in _sync_exit
    return loop.run_until_complete(self.__aexit__(*args))
           ^^^^^^^^^^^^^^^^^^^^^^^^^^^^^^^^^^^^^^^^^^^^^^
  File "/opt/anaconda3/lib/python3.11/asyncio/base_events.py", line 653, in run_until_complete
    return future.result()
           ^^^^^^^^^^^^^^^
  File "/opt/anaconda3/lib/python3.11/site-packages/telethon/client/auth.py", line 672, in __aexit__
    await self.disconnect()
  File "/opt/anaconda3/lib/python3.11/site-packages/telethon/client/telegrambaseclient.py", line 739, in _disconnect_coro
    self.session.close()
  File "/opt/anaconda3/lib/python3.11/site-packages/telethon/sessions/sqlite.py", line 261, in close
    self._conn.commit()
sqlite3.OperationalError: disk I/O error

2025-06-24 13:09:51,222 - tg_bot - INFO - ==================================================
2025-06-24 13:09:51,222 - tg_bot - INFO - Telegram 交易机器人停止运行
2025-06-24 13:09:51,222 - tg_bot - INFO - 停止时间: 2025-06-24 13:09:51
2025-06-24 13:09:51,222 - tg_bot - INFO - ==================================================
2025-06-24 13:09:56,226 - tg_bot - INFO - ==================================================
2025-06-24 13:09:56,226 - tg_bot - INFO - Telegram 交易机器人启动
2025-06-24 13:09:56,226 - tg_bot - INFO - 启动时间: 2025-06-24 13:09:56
2025-06-24 13:09:56,226 - tg_bot - INFO - ==================================================
2025-06-24 13:09:56,226 - tg_bot - INFO - 开始加载配置文件...
2025-06-24 13:09:56,226 - tg_bot - INFO - 正在加载 Telegram 配置文件...
2025-06-24 13:09:56,227 - tg_bot - INFO - Telegram 配置文件加载成功
2025-06-24 13:09:56,227 - tg_bot - INFO - 开始加载 OKX 配置文件...
2025-06-24 13:09:56,228 - tg_bot - INFO - 正在加载 OKX 配置文件...
2025-06-24 13:09:56,228 - tg_bot - INFO - OKX 配置文件加载成功
2025-06-24 13:09:56,228 - tg_bot - INFO - 账号: Account1-PROD, 杠杆倍数: 10
2025-06-24 13:09:56,228 - tg_bot - INFO - 账号: Account2-QA, 杠杆倍数: 10
2025-06-24 13:09:56,228 - tg_bot - INFO - 开始加载监听群组...
2025-06-24 13:09:56,228 - tg_bot - INFO - 正在加载监听群组列表...
2025-06-24 13:09:56,229 - tg_bot - INFO - 已加载 2 个监听群组
2025-06-24 13:09:56,229 - tg_bot - INFO - 监听群组 IDs: [-1001638841860, -4831222036]
2025-06-24 13:09:56,229 - tg_bot - INFO - 代理配置已加载: 127.0.0.1:12334
2025-06-24 13:09:56,229 - tg_bot - INFO - 开始创建 Telegram 客户端...
2025-06-24 13:09:58,632 - tg_bot - INFO - Telegram 客户端创建成功，开始监听消息...
2025-06-24 13:09:58,633 - tg_bot - INFO - 开始监听群组: [-1001638841860, -4831222036]
2025-06-24 13:19:14,367 - tg_bot - INFO - ==================================================
2025-06-24 13:19:14,367 - tg_bot - INFO - Telegram 交易机器人启动
2025-06-24 13:19:14,448 - tg_bot - INFO - 启动时间: 2025-06-24 13:19:14
2025-06-24 13:19:14,448 - tg_bot - INFO - ==================================================
2025-06-24 13:19:14,448 - tg_bot - INFO - 定时重启已设置: 每 2 小时重启一次
2025-06-24 13:19:14,448 - tg_bot - INFO - 开始加载配置文件...
2025-06-24 13:19:14,448 - tg_bot - INFO - 正在加载 Telegram 配置文件...
2025-06-24 13:19:14,449 - tg_bot - INFO - Telegram 配置文件加载成功
2025-06-24 13:19:14,449 - tg_bot - INFO - 开始加载 OKX 配置文件...
2025-06-24 13:19:14,449 - tg_bot - INFO - 正在加载 OKX 配置文件...
2025-06-24 13:19:14,449 - tg_bot - INFO - OKX 配置文件加载成功
2025-06-24 13:19:14,450 - tg_bot - INFO - 账号: Account1-PROD, 杠杆倍数: 10
2025-06-24 13:19:14,450 - tg_bot - INFO - 账号: Account2-QA, 杠杆倍数: 10
2025-06-24 13:19:14,450 - tg_bot - INFO - 正在为账号 Account1-PROD 设置杠杆倍数...
2025-06-24 13:19:14,625 - tg_bot - INFO - 设置 ETH-USDT-SWAP 的杠杆倍数为 10...
2025-06-24 13:19:15,428 - tg_bot - DEBUG - 设置杠杆结果: {'code': '0', 'data': [{'instId': 'ETH-USDT-SWAP', 'lever': '10', 'mgnMode': 'cross', 'posSide': ''}], 'msg': ''}
2025-06-24 13:19:15,428 - tg_bot - INFO - 设置 BTC-USDT-SWAP 的杠杆倍数为 10...
2025-06-24 13:19:15,686 - tg_bot - DEBUG - 设置杠杆结果: {'code': '0', 'data': [{'instId': 'BTC-USDT-SWAP', 'lever': '10', 'mgnMode': 'cross', 'posSide': ''}], 'msg': ''}
2025-06-24 13:19:15,690 - tg_bot - INFO - 正在为账号 Account2-QA 设置杠杆倍数...
2025-06-24 13:19:15,801 - tg_bot - INFO - 设置 ETH-USDT-SWAP 的杠杆倍数为 10...
2025-06-24 13:19:16,255 - tg_bot - DEBUG - 设置杠杆结果: {'code': '0', 'data': [{'instId': 'ETH-USDT-SWAP', 'lever': '10', 'mgnMode': 'cross', 'posSide': ''}], 'msg': ''}
2025-06-24 13:19:16,255 - tg_bot - INFO - 设置 BTC-USDT-SWAP 的杠杆倍数为 10...
2025-06-24 13:19:16,433 - tg_bot - DEBUG - 设置杠杆结果: {'code': '0', 'data': [{'instId': 'BTC-USDT-SWAP', 'lever': '10', 'mgnMode': 'cross', 'posSide': ''}], 'msg': ''}
2025-06-24 13:19:16,436 - tg_bot - INFO - 开始加载监听群组...
2025-06-24 13:19:16,436 - tg_bot - INFO - 正在加载监听群组列表...
2025-06-24 13:19:16,437 - tg_bot - INFO - 已加载 2 个监听群组
2025-06-24 13:19:16,437 - tg_bot - INFO - 监听群组 IDs: [-1001638841860, -4831222036]
2025-06-24 13:19:16,437 - tg_bot - INFO - 代理配置已加载: 127.0.0.1:12334
2025-06-24 13:19:16,437 - tg_bot - INFO - 开始创建 Telegram 客户端...
2025-06-24 13:19:16,439 - tg_bot - INFO - Telegram 客户端创建成功，开始监听消息...
2025-06-24 13:19:16,439 - tg_bot - INFO - 开始监听群组: [-1001638841860, -4831222036]
2025-06-24 13:19:22,874 - tg_bot - INFO - 收到来自[群组ID:-4831222036]的新消息
2025-06-24 13:19:22,874 - tg_bot - DEBUG - 完整消息内容: 2
2025-06-24 13:19:23,264 - tg_bot - INFO - 发送消息到日志记录群组...
2025-06-24 13:19:23,554 - tg_bot - INFO - 消息已发送到日志记录群组
2025-06-24 13:19:23,554 - tg_bot - DEBUG - 正在从消息中提取交易信息: 2...
2025-06-24 13:19:23,554 - tg_bot - WARNING - 无法从消息中提取交易信息
2025-06-24 13:19:23,555 - tg_bot - INFO - 发送无交易信号通知到日志记录群组...
2025-06-24 13:19:23,844 - tg_bot - INFO - 无交易信号通知已发送
2025-06-24 13:19:28,034 - tg_bot - INFO - 收到来自[群组ID:-4831222036]的新消息
2025-06-24 13:19:28,034 - tg_bot - DEBUG - 完整消息内容: 8899
2025-06-24 13:19:28,384 - tg_bot - INFO - 发送消息到日志记录群组...
2025-06-24 13:19:28,684 - tg_bot - INFO - 消息已发送到日志记录群组
2025-06-24 13:19:28,684 - tg_bot - DEBUG - 正在从消息中提取交易信息: 8899...
2025-06-24 13:19:28,684 - tg_bot - WARNING - 无法从消息中提取交易信息
2025-06-24 13:19:28,684 - tg_bot - INFO - 发送无交易信号通知到日志记录群组...
2025-06-24 13:19:28,974 - tg_bot - INFO - 无交易信号通知已发送
2025-06-24 15:19:14,645 - tg_bot - INFO - 执行定时重启...
2025-06-24 15:19:14,682 - tg_bot - ERROR - 发送重启通知失败: There is no current event loop in thread 'Thread-1'.
2025-06-24 15:19:16,728 - tg_bot - INFO - ==================================================
2025-06-24 15:19:16,728 - tg_bot - INFO - Telegram 交易机器人启动
2025-06-24 15:19:16,728 - tg_bot - INFO - 启动时间: 2025-06-24 15:19:16
2025-06-24 15:19:16,728 - tg_bot - INFO - ==================================================
2025-06-24 15:19:16,728 - tg_bot - INFO - 定时重启已设置: 每 2 小时重启一次
2025-06-24 15:19:16,731 - tg_bot - INFO - 开始加载配置文件...
2025-06-24 15:19:16,731 - tg_bot - INFO - 正在加载 Telegram 配置文件...
2025-06-24 15:19:16,735 - tg_bot - INFO - Telegram 配置文件加载成功
2025-06-24 15:19:16,736 - tg_bot - INFO - 开始加载 OKX 配置文件...
2025-06-24 15:19:16,736 - tg_bot - INFO - 正在加载 OKX 配置文件...
2025-06-24 15:19:16,739 - tg_bot - INFO - OKX 配置文件加载成功
2025-06-24 15:19:16,739 - tg_bot - INFO - 账号: Account1-PROD, 杠杆倍数: 10
2025-06-24 15:19:16,739 - tg_bot - INFO - 账号: Account2-QA, 杠杆倍数: 10
2025-06-24 15:19:16,740 - tg_bot - INFO - 正在为账号 Account1-PROD 设置杠杆倍数...
2025-06-24 15:19:16,924 - tg_bot - INFO - 设置 ETH-USDT-SWAP 的杠杆倍数为 10...
2025-06-24 15:19:17,639 - tg_bot - DEBUG - 设置杠杆结果: {'code': '0', 'data': [{'instId': 'ETH-USDT-SWAP', 'lever': '10', 'mgnMode': 'cross', 'posSide': ''}], 'msg': ''}
2025-06-24 15:19:17,639 - tg_bot - INFO - 设置 BTC-USDT-SWAP 的杠杆倍数为 10...
2025-06-24 15:19:17,873 - tg_bot - DEBUG - 设置杠杆结果: {'code': '0', 'data': [{'instId': 'BTC-USDT-SWAP', 'lever': '10', 'mgnMode': 'cross', 'posSide': ''}], 'msg': ''}
2025-06-24 15:19:17,876 - tg_bot - INFO - 正在为账号 Account2-QA 设置杠杆倍数...
2025-06-24 15:19:17,982 - tg_bot - INFO - 设置 ETH-USDT-SWAP 的杠杆倍数为 10...
2025-06-24 15:19:18,654 - tg_bot - DEBUG - 设置杠杆结果: {'code': '0', 'data': [{'instId': 'ETH-USDT-SWAP', 'lever': '10', 'mgnMode': 'cross', 'posSide': ''}], 'msg': ''}
2025-06-24 15:19:18,654 - tg_bot - INFO - 设置 BTC-USDT-SWAP 的杠杆倍数为 10...
2025-06-24 15:19:18,883 - tg_bot - DEBUG - 设置杠杆结果: {'code': '0', 'data': [{'instId': 'BTC-USDT-SWAP', 'lever': '10', 'mgnMode': 'cross', 'posSide': ''}], 'msg': ''}
2025-06-24 15:19:18,885 - tg_bot - INFO - 开始加载监听群组...
2025-06-24 15:19:18,885 - tg_bot - INFO - 正在加载监听群组列表...
2025-06-24 15:19:18,887 - tg_bot - INFO - 已加载 2 个监听群组
2025-06-24 15:19:18,887 - tg_bot - INFO - 监听群组 IDs: [-1001638841860, -4831222036]
2025-06-24 15:19:18,887 - tg_bot - INFO - 代理配置已加载: 127.0.0.1:12334
2025-06-24 15:19:18,888 - tg_bot - INFO - 开始创建 Telegram 客户端...
2025-06-24 15:19:18,892 - tg_bot - ERROR - 主函数运行出错: There is no current event loop in thread 'Thread-1'.
2025-06-24 15:19:18,900 - tg_bot - ERROR - Traceback (most recent call last):
  File "/opt/anaconda3/lib/python3.11/site-packages/telethon/helpers.py", line 430, in get_running_loop
    return asyncio.get_running_loop()
           ^^^^^^^^^^^^^^^^^^^^^^^^^^
RuntimeError: no running event loop

During handling of the above exception, another exception occurred:

Traceback (most recent call last):
  File "/Users/will/PycharmProjects/pythonProject3/Telegram Project/交易1.2自动重启2h.py", line 391, in main
    client = TelegramClient(f'session_{phone_number}', api_id, api_hash,
             ^^^^^^^^^^^^^^^^^^^^^^^^^^^^^^^^^^^^^^^^^^^^^^^^^^^^^^^^^^^
  File "/opt/anaconda3/lib/python3.11/site-packages/telethon/client/telegrambaseclient.py", line 339, in __init__
    if not callable(getattr(self.loop, 'sock_connect', None)):
                            ^^^^^^^^^
  File "/opt/anaconda3/lib/python3.11/site-packages/telethon/client/telegrambaseclient.py", line 488, in loop
    return helpers.get_running_loop()
           ^^^^^^^^^^^^^^^^^^^^^^^^^^
  File "/opt/anaconda3/lib/python3.11/site-packages/telethon/helpers.py", line 432, in get_running_loop
    return asyncio.get_event_loop_policy().get_event_loop()
           ^^^^^^^^^^^^^^^^^^^^^^^^^^^^^^^^^^^^^^^^^^^^^^^^
  File "/opt/anaconda3/lib/python3.11/asyncio/events.py", line 677, in get_event_loop
    raise RuntimeError('There is no current event loop in thread %r.'
RuntimeError: There is no current event loop in thread 'Thread-1'.

2025-06-24 15:44:36,706 - tg_bot - INFO - ==================================================
2025-06-24 15:44:36,708 - tg_bot - INFO - Telegram 交易机器人停止运行
2025-06-24 15:44:36,708 - tg_bot - INFO - 停止时间: 2025-06-24 15:44:36
2025-06-24 15:44:36,708 - tg_bot - INFO - ==================================================
2025-06-24 15:45:57,571 - tg_bot - INFO - ==================================================
2025-06-24 15:45:57,571 - tg_bot - INFO - Telegram 交易机器人启动
2025-06-24 15:45:57,666 - tg_bot - INFO - 启动时间: 2025-06-24 15:45:57
2025-06-24 15:45:57,667 - tg_bot - INFO - ==================================================
2025-06-24 15:45:57,667 - tg_bot - INFO - 开始加载配置文件...
2025-06-24 15:45:57,667 - tg_bot - INFO - 正在加载 Telegram 配置文件...
2025-06-24 15:45:57,667 - tg_bot - INFO - Telegram 配置文件加载成功
2025-06-24 15:45:57,667 - tg_bot - INFO - 开始加载 OKX 配置文件...
2025-06-24 15:45:57,667 - tg_bot - INFO - 正在加载 OKX 配置文件...
2025-06-24 15:45:57,668 - tg_bot - INFO - OKX 配置文件加载成功
2025-06-24 15:45:57,668 - tg_bot - INFO - 账号: Account1-PROD, 杠杆倍数: 10
2025-06-24 15:45:57,668 - tg_bot - INFO - 账号: Account2-QA, 杠杆倍数: 10
2025-06-24 15:45:57,668 - tg_bot - INFO - 正在为账号 Account1-PROD 设置杠杆倍数...
2025-06-24 15:45:57,911 - tg_bot - INFO - 设置 ETH-USDT-SWAP 的杠杆倍数为 10...
2025-06-24 15:45:58,473 - tg_bot - DEBUG - 设置杠杆结果: {'code': '0', 'data': [{'instId': 'ETH-USDT-SWAP', 'lever': '10', 'mgnMode': 'cross', 'posSide': ''}], 'msg': ''}
2025-06-24 15:45:58,473 - tg_bot - INFO - 设置 BTC-USDT-SWAP 的杠杆倍数为 10...
2025-06-24 15:45:58,642 - tg_bot - DEBUG - 设置杠杆结果: {'code': '0', 'data': [{'instId': 'BTC-USDT-SWAP', 'lever': '10', 'mgnMode': 'cross', 'posSide': ''}], 'msg': ''}
2025-06-24 15:45:58,644 - tg_bot - INFO - 正在为账号 Account2-QA 设置杠杆倍数...
2025-06-24 15:45:58,775 - tg_bot - INFO - 设置 ETH-USDT-SWAP 的杠杆倍数为 10...
2025-06-24 15:45:59,392 - tg_bot - DEBUG - 设置杠杆结果: {'code': '0', 'data': [{'instId': 'ETH-USDT-SWAP', 'lever': '10', 'mgnMode': 'cross', 'posSide': ''}], 'msg': ''}
2025-06-24 15:45:59,392 - tg_bot - INFO - 设置 BTC-USDT-SWAP 的杠杆倍数为 10...
2025-06-24 15:45:59,582 - tg_bot - DEBUG - 设置杠杆结果: {'code': '0', 'data': [{'instId': 'BTC-USDT-SWAP', 'lever': '10', 'mgnMode': 'cross', 'posSide': ''}], 'msg': ''}
2025-06-24 15:45:59,584 - tg_bot - INFO - 开始加载监听群组...
2025-06-24 15:45:59,584 - tg_bot - INFO - 正在加载监听群组列表...
2025-06-24 15:45:59,585 - tg_bot - INFO - 已加载 2 个监听群组
2025-06-24 15:45:59,585 - tg_bot - INFO - 监听群组 IDs: [-1001638841860, -4831222036]
2025-06-24 15:45:59,586 - tg_bot - INFO - 代理配置已加载: 127.0.0.1:12334
2025-06-24 15:45:59,586 - tg_bot - INFO - 开始创建 Telegram 客户端...
2025-06-24 15:46:01,501 - tg_bot - INFO - Telegram 客户端创建成功，开始监听消息...
2025-06-24 15:46:01,501 - tg_bot - INFO - 开始监听群组: [-1001638841860, -4831222036]
2025-06-24 16:17:55,229 - tg_bot - INFO - ==================================================
2025-06-24 16:17:55,230 - tg_bot - INFO - Telegram 交易机器人停止运行
2025-06-24 16:17:55,230 - tg_bot - INFO - 停止时间: 2025-06-24 16:17:55
2025-06-24 16:17:55,230 - tg_bot - INFO - ==================================================
2025-06-24 16:18:03,543 - tg_bot - INFO - 开始新的机器人会话，计划运行到: 2025-06-24 18:18:03.543706
2025-06-24 16:18:03,544 - tg_bot - INFO - 机器人管理器已启动
2025-06-24 16:18:03,544 - tg_bot - INFO - ==================================================
2025-06-24 16:18:03,544 - tg_bot - INFO - Telegram 交易机器人启动
2025-06-24 16:18:03,659 - tg_bot - INFO - 启动时间: 2025-06-24 16:18:03
2025-06-24 16:18:03,659 - tg_bot - INFO - ==================================================
2025-06-24 16:18:03,659 - tg_bot - INFO - 开始加载配置文件...
2025-06-24 16:18:03,659 - tg_bot - INFO - 正在加载 Telegram 配置文件...
2025-06-24 16:18:03,659 - tg_bot - INFO - Telegram 配置文件加载成功
2025-06-24 16:18:03,660 - tg_bot - INFO - 开始加载 OKX 配置文件...
2025-06-24 16:18:03,660 - tg_bot - INFO - 正在加载 OKX 配置文件...
2025-06-24 16:18:03,660 - tg_bot - INFO - OKX 配置文件加载成功
2025-06-24 16:18:03,660 - tg_bot - INFO - 账号: Account1-PROD, 杠杆倍数: 10
2025-06-24 16:18:03,660 - tg_bot - INFO - 账号: Account2-QA, 杠杆倍数: 10
2025-06-24 16:18:03,660 - tg_bot - INFO - 正在为账号 Account1-PROD 设置杠杆倍数...
2025-06-24 16:18:03,847 - tg_bot - INFO - 设置 ETH-USDT-SWAP 的杠杆倍数为 10...
2025-06-24 16:18:05,781 - tg_bot - DEBUG - 设置杠杆结果: {'code': '0', 'data': [{'instId': 'ETH-USDT-SWAP', 'lever': '10', 'mgnMode': 'cross', 'posSide': ''}], 'msg': ''}
2025-06-24 16:18:05,781 - tg_bot - INFO - 设置 BTC-USDT-SWAP 的杠杆倍数为 10...
2025-06-24 16:18:05,989 - tg_bot - DEBUG - 设置杠杆结果: {'code': '0', 'data': [{'instId': 'BTC-USDT-SWAP', 'lever': '10', 'mgnMode': 'cross', 'posSide': ''}], 'msg': ''}
2025-06-24 16:18:05,992 - tg_bot - INFO - 正在为账号 Account2-QA 设置杠杆倍数...
2025-06-24 16:18:06,101 - tg_bot - INFO - 设置 ETH-USDT-SWAP 的杠杆倍数为 10...
2025-06-24 16:18:06,640 - tg_bot - DEBUG - 设置杠杆结果: {'code': '0', 'data': [{'instId': 'ETH-USDT-SWAP', 'lever': '10', 'mgnMode': 'cross', 'posSide': ''}], 'msg': ''}
2025-06-24 16:18:06,640 - tg_bot - INFO - 设置 BTC-USDT-SWAP 的杠杆倍数为 10...
2025-06-24 16:18:06,833 - tg_bot - DEBUG - 设置杠杆结果: {'code': '0', 'data': [{'instId': 'BTC-USDT-SWAP', 'lever': '10', 'mgnMode': 'cross', 'posSide': ''}], 'msg': ''}
2025-06-24 16:18:06,835 - tg_bot - INFO - 开始加载监听群组...
2025-06-24 16:18:06,835 - tg_bot - INFO - 正在加载监听群组列表...
2025-06-24 16:18:06,836 - tg_bot - INFO - 已加载 2 个监听群组
2025-06-24 16:18:06,836 - tg_bot - INFO - 监听群组 IDs: [-1001638841860, -4831222036]
2025-06-24 16:18:06,836 - tg_bot - INFO - 代理配置已加载: 127.0.0.1:12334
2025-06-24 16:18:06,836 - tg_bot - INFO - 开始创建 Telegram 客户端...
2025-06-24 16:18:08,867 - tg_bot - INFO - Telegram 客户端已连接，开始监听群组: [-1001638841860, -4831222036]
2025-06-24 16:18:13,749 - tg_bot - INFO - 收到来自[群组ID:-4831222036]的新消息
2025-06-24 16:18:13,749 - tg_bot - DEBUG - 完整消息内容: 9
2025-06-24 16:18:13,978 - tg_bot - INFO - 发送消息到日志记录群组...
2025-06-24 16:18:14,228 - tg_bot - INFO - 消息已发送到日志记录群组
2025-06-24 16:18:14,228 - tg_bot - DEBUG - 正在从消息中提取交易信息: 9...
2025-06-24 16:18:14,228 - tg_bot - WARNING - 无法从消息中提取交易信息
2025-06-24 16:18:14,228 - tg_bot - INFO - 发送无交易信号通知到日志记录群组...
2025-06-24 16:18:14,468 - tg_bot - INFO - 无交易信号通知已发送
2025-06-24 16:18:38,869 - tg_bot - DEBUG - 机器人仍在运行，当前时间: 2025-06-24 16:18:38
2025-06-24 16:19:08,882 - tg_bot - DEBUG - 机器人仍在运行，当前时间: 2025-06-24 16:19:08
2025-06-24 16:19:38,885 - tg_bot - DEBUG - 机器人仍在运行，当前时间: 2025-06-24 16:19:38
2025-06-24 16:20:08,887 - tg_bot - DEBUG - 机器人仍在运行，当前时间: 2025-06-24 16:20:08
2025-06-24 16:20:38,888 - tg_bot - DEBUG - 机器人仍在运行，当前时间: 2025-06-24 16:20:38
2025-06-24 16:20:59,069 - tg_bot - INFO - 接收到键盘中断信号，正在关闭...
2025-06-24 16:20:59,071 - tg_bot - INFO - 停止机器人管理器...
2025-06-24 16:21:10,858 - tg_bot - INFO - 开始新的机器人会话，计划运行到: 2025-06-24 17:21:10.858875
2025-06-24 16:21:10,859 - tg_bot - INFO - 机器人管理器已启动
2025-06-24 16:21:10,859 - tg_bot - INFO - ==================================================
2025-06-24 16:21:10,859 - tg_bot - INFO - Telegram 交易机器人启动
2025-06-24 16:21:10,955 - tg_bot - INFO - 启动时间: 2025-06-24 16:21:10
2025-06-24 16:21:10,955 - tg_bot - INFO - ==================================================
2025-06-24 16:21:10,956 - tg_bot - INFO - 开始加载配置文件...
2025-06-24 16:21:10,956 - tg_bot - INFO - 正在加载 Telegram 配置文件...
2025-06-24 16:21:10,956 - tg_bot - INFO - Telegram 配置文件加载成功
2025-06-24 16:21:10,956 - tg_bot - INFO - 开始加载 OKX 配置文件...
2025-06-24 16:21:10,956 - tg_bot - INFO - 正在加载 OKX 配置文件...
2025-06-24 16:21:10,957 - tg_bot - INFO - OKX 配置文件加载成功
2025-06-24 16:21:10,957 - tg_bot - INFO - 账号: Account1-PROD, 杠杆倍数: 10
2025-06-24 16:21:10,957 - tg_bot - INFO - 账号: Account2-QA, 杠杆倍数: 10
2025-06-24 16:21:10,957 - tg_bot - INFO - 正在为账号 Account1-PROD 设置杠杆倍数...
2025-06-24 16:21:11,176 - tg_bot - INFO - 设置 ETH-USDT-SWAP 的杠杆倍数为 10...
2025-06-24 16:21:11,949 - tg_bot - DEBUG - 设置杠杆结果: {'code': '0', 'data': [{'instId': 'ETH-USDT-SWAP', 'lever': '10', 'mgnMode': 'cross', 'posSide': ''}], 'msg': ''}
2025-06-24 16:21:11,950 - tg_bot - INFO - 设置 BTC-USDT-SWAP 的杠杆倍数为 10...
2025-06-24 16:21:12,168 - tg_bot - DEBUG - 设置杠杆结果: {'code': '0', 'data': [{'instId': 'BTC-USDT-SWAP', 'lever': '10', 'mgnMode': 'cross', 'posSide': ''}], 'msg': ''}
2025-06-24 16:21:12,171 - tg_bot - INFO - 正在为账号 Account2-QA 设置杠杆倍数...
2025-06-24 16:21:12,277 - tg_bot - INFO - 设置 ETH-USDT-SWAP 的杠杆倍数为 10...
2025-06-24 16:21:13,088 - tg_bot - DEBUG - 设置杠杆结果: {'code': '0', 'data': [{'instId': 'ETH-USDT-SWAP', 'lever': '10', 'mgnMode': 'cross', 'posSide': ''}], 'msg': ''}
2025-06-24 16:21:13,089 - tg_bot - INFO - 设置 BTC-USDT-SWAP 的杠杆倍数为 10...
2025-06-24 16:21:13,312 - tg_bot - DEBUG - 设置杠杆结果: {'code': '0', 'data': [{'instId': 'BTC-USDT-SWAP', 'lever': '10', 'mgnMode': 'cross', 'posSide': ''}], 'msg': ''}
2025-06-24 16:21:13,315 - tg_bot - INFO - 开始加载监听群组...
2025-06-24 16:21:13,315 - tg_bot - INFO - 正在加载监听群组列表...
2025-06-24 16:21:13,316 - tg_bot - INFO - 已加载 2 个监听群组
2025-06-24 16:21:13,317 - tg_bot - INFO - 监听群组 IDs: [-1001638841860, -4831222036]
2025-06-24 16:21:13,317 - tg_bot - INFO - 代理配置已加载: 127.0.0.1:12334
2025-06-24 16:21:13,317 - tg_bot - INFO - 开始创建 Telegram 客户端...
2025-06-24 16:21:15,657 - tg_bot - INFO - Telegram 客户端已连接，开始监听群组: [-1001638841860, -4831222036]
2025-06-24 16:21:45,658 - tg_bot - DEBUG - 机器人仍在运行，当前时间: 2025-06-24 16:21:45
2025-06-24 16:22:15,659 - tg_bot - DEBUG - 机器人仍在运行，当前时间: 2025-06-24 16:22:15
2025-06-24 16:22:45,659 - tg_bot - DEBUG - 机器人仍在运行，当前时间: 2025-06-24 16:22:45
2025-06-24 16:23:15,659 - tg_bot - DEBUG - 机器人仍在运行，当前时间: 2025-06-24 16:23:15
2025-06-24 16:23:45,659 - tg_bot - DEBUG - 机器人仍在运行，当前时间: 2025-06-24 16:23:45
2025-06-24 16:24:15,660 - tg_bot - DEBUG - 机器人仍在运行，当前时间: 2025-06-24 16:24:15
2025-06-24 16:24:45,660 - tg_bot - DEBUG - 机器人仍在运行，当前时间: 2025-06-24 16:24:45
2025-06-24 16:25:15,394 - tg_bot - INFO - 收到来自[群组ID:-4831222036]的新消息
2025-06-24 16:25:15,394 - tg_bot - DEBUG - 完整消息内容: hello
2025-06-24 16:25:15,662 - tg_bot - DEBUG - 机器人仍在运行，当前时间: 2025-06-24 16:25:15
2025-06-24 16:25:15,744 - tg_bot - INFO - 发送消息到日志记录群组...
2025-06-24 16:25:16,002 - tg_bot - INFO - 消息已发送到日志记录群组
2025-06-24 16:25:16,003 - tg_bot - DEBUG - 正在从消息中提取交易信息: hello...
2025-06-24 16:25:16,003 - tg_bot - WARNING - 无法从消息中提取交易信息
2025-06-24 16:25:16,003 - tg_bot - INFO - 发送无交易信号通知到日志记录群组...
2025-06-24 16:25:16,226 - tg_bot - INFO - 无交易信号通知已发送
2025-06-24 16:25:35,107 - tg_bot - INFO - 收到来自[群组ID:-4831222036]的新消息
2025-06-24 16:25:35,108 - tg_bot - DEBUG - 完整消息内容: 趋势策略-ETH
===========================
币coin：“BTC2023”实盘："量化策略F"
===========================
策略当前交易对:ETHUSDT.P
==========================
ETH价格:2386.53
===========================
执行交易:空止盈 0.0731ETH
===========================
或点此连接直接电报联系策略主https://t.me/jeb339
优先电服联系我
===========================
另有；TV策略代写；FMZ量化定制；代码修改；网站代写，交易APP订制等多项业务
；高频做市，对冲套利等，夸交易所资金费率套利，交易所成交量刷单套利，带单跟单机器人，多周期或多币种共振策略，tradingview策略信号中转开仓机器人，多功能型机器人，马丁，网格，对冲，单向持仓，双向持仓，止盈止损动态追踪等等，有需要的，皆可联系
2025-06-24 16:25:35,108 - tg_bot - INFO - 发送消息到日志记录群组...
2025-06-24 16:25:35,378 - tg_bot - INFO - 消息已发送到日志记录群组
2025-06-24 16:25:35,378 - tg_bot - DEBUG - 正在从消息中提取交易信息: 趋势策略-ETH
===========================
币coin：“BTC2023”实盘："量化策略F"
===========================
策略当前交易对:E...
2025-06-24 16:25:35,378 - tg_bot - INFO - 成功提取交易信息 - 动作: 空止盈, 符号: ETH
2025-06-24 16:25:35,379 - tg_bot - INFO - 发送交易信号到日志记录群组...
2025-06-24 16:25:36,021 - tg_bot - INFO - 交易信号已发送到日志记录群组
2025-06-24 16:25:36,021 - tg_bot - INFO - 获取 ETH 的最新市场价格...
2025-06-24 16:25:36,144 - tg_bot - INFO - 获取 ETH-USDT-SWAP 的市场价格...
2025-06-24 16:25:36,892 - tg_bot - INFO - 最新市场价格: 2397.2
2025-06-24 16:25:36,894 - tg_bot - INFO - 最新市场价格: 2397.2
2025-06-24 16:25:36,894 - tg_bot - INFO - 发送 Bark 通知...
2025-06-24 16:25:38,074 - tg_bot - INFO - Bark 通知发送成功: 新的交易信号
2025-06-24 16:25:38,075 - tg_bot - INFO - Bark 通知发送成功
2025-06-24 16:25:38,324 - tg_bot - INFO - 无需下单: 不支持的交易动作 '空止盈'
2025-06-24 16:25:45,662 - tg_bot - DEBUG - 机器人仍在运行，当前时间: 2025-06-24 16:25:45
2025-06-24 16:26:15,663 - tg_bot - DEBUG - 机器人仍在运行，当前时间: 2025-06-24 16:26:15
2025-06-24 16:26:45,664 - tg_bot - DEBUG - 机器人仍在运行，当前时间: 2025-06-24 16:26:45
2025-06-24 16:27:15,666 - tg_bot - DEBUG - 机器人仍在运行，当前时间: 2025-06-24 16:27:15
2025-06-24 16:27:45,676 - tg_bot - DEBUG - 机器人仍在运行，当前时间: 2025-06-24 16:27:45
2025-06-24 16:28:15,677 - tg_bot - DEBUG - 机器人仍在运行，当前时间: 2025-06-24 16:28:15
2025-06-24 16:28:45,679 - tg_bot - DEBUG - 机器人仍在运行，当前时间: 2025-06-24 16:28:45
2025-06-24 16:29:15,680 - tg_bot - DEBUG - 机器人仍在运行，当前时间: 2025-06-24 16:29:15
2025-06-24 16:29:45,681 - tg_bot - DEBUG - 机器人仍在运行，当前时间: 2025-06-24 16:29:45
2025-06-24 16:30:15,681 - tg_bot - DEBUG - 机器人仍在运行，当前时间: 2025-06-24 16:30:15
2025-06-24 16:30:45,683 - tg_bot - DEBUG - 机器人仍在运行，当前时间: 2025-06-24 16:30:45
2025-06-24 16:31:15,684 - tg_bot - DEBUG - 机器人仍在运行，当前时间: 2025-06-24 16:31:15
2025-06-24 16:31:45,685 - tg_bot - DEBUG - 机器人仍在运行，当前时间: 2025-06-24 16:31:45
2025-06-24 16:32:15,686 - tg_bot - DEBUG - 机器人仍在运行，当前时间: 2025-06-24 16:32:15
2025-06-24 16:32:45,688 - tg_bot - DEBUG - 机器人仍在运行，当前时间: 2025-06-24 16:32:45
2025-06-24 16:33:15,690 - tg_bot - DEBUG - 机器人仍在运行，当前时间: 2025-06-24 16:33:15
2025-06-24 16:33:45,691 - tg_bot - DEBUG - 机器人仍在运行，当前时间: 2025-06-24 16:33:45
2025-06-24 16:34:15,691 - tg_bot - DEBUG - 机器人仍在运行，当前时间: 2025-06-24 16:34:15
2025-06-24 16:34:45,714 - tg_bot - DEBUG - 机器人仍在运行，当前时间: 2025-06-24 16:34:45
2025-06-24 16:35:15,719 - tg_bot - DEBUG - 机器人仍在运行，当前时间: 2025-06-24 16:35:15
2025-06-24 16:35:45,720 - tg_bot - DEBUG - 机器人仍在运行，当前时间: 2025-06-24 16:35:45
2025-06-24 16:35:47,426 - tg_bot - INFO - 收到来自[群组ID:-1001638841860]的新消息
2025-06-24 16:35:47,426 - tg_bot - DEBUG - 完整消息内容: 比特币深度V反爆拉6000点，主要原因有三个

1.8小时资金费率短期转负，看跌的人增多并且有几天积累

2.是特朗普主导以伊冲突调解停战，消息面引导避免不了

3.美联储7月降息预期增加，如果落实会增加至2次25个基点
2025-06-24 16:35:48,036 - tg_bot - INFO - 发送消息到日志记录群组...
2025-06-24 16:35:48,265 - tg_bot - INFO - 消息已发送到日志记录群组
2025-06-24 16:35:48,265 - tg_bot - DEBUG - 正在从消息中提取交易信息: 比特币深度V反爆拉6000点，主要原因有三个

1.8小时资金费率短期转负，看跌的人增多并且有几天积累

2.是特朗普主导以伊冲突调解停战，消息面引导避免不了

3.美联储7月降息预期增加，如果落实会...
2025-06-24 16:35:48,265 - tg_bot - WARNING - 无法从消息中提取交易信息
2025-06-24 16:35:48,265 - tg_bot - INFO - 发送无交易信号通知到日志记录群组...
2025-06-24 16:35:48,495 - tg_bot - INFO - 无交易信号通知已发送
2025-06-24 16:36:15,720 - tg_bot - DEBUG - 机器人仍在运行，当前时间: 2025-06-24 16:36:15
2025-06-24 16:36:45,721 - tg_bot - DEBUG - 机器人仍在运行，当前时间: 2025-06-24 16:36:45
2025-06-24 16:37:15,722 - tg_bot - DEBUG - 机器人仍在运行，当前时间: 2025-06-24 16:37:15
2025-06-24 16:37:45,723 - tg_bot - DEBUG - 机器人仍在运行，当前时间: 2025-06-24 16:37:45
2025-06-24 16:38:15,724 - tg_bot - DEBUG - 机器人仍在运行，当前时间: 2025-06-24 16:38:15
2025-06-24 16:38:45,725 - tg_bot - DEBUG - 机器人仍在运行，当前时间: 2025-06-24 16:38:45
2025-06-24 16:39:15,726 - tg_bot - DEBUG - 机器人仍在运行，当前时间: 2025-06-24 16:39:15
2025-06-24 16:39:45,726 - tg_bot - DEBUG - 机器人仍在运行，当前时间: 2025-06-24 16:39:45
2025-06-24 16:40:15,727 - tg_bot - DEBUG - 机器人仍在运行，当前时间: 2025-06-24 16:40:15
2025-06-24 16:40:45,728 - tg_bot - DEBUG - 机器人仍在运行，当前时间: 2025-06-24 16:40:45
2025-06-24 16:41:15,729 - tg_bot - DEBUG - 机器人仍在运行，当前时间: 2025-06-24 16:41:15
2025-06-24 16:41:45,732 - tg_bot - DEBUG - 机器人仍在运行，当前时间: 2025-06-24 16:41:45
2025-06-24 16:42:15,733 - tg_bot - DEBUG - 机器人仍在运行，当前时间: 2025-06-24 16:42:15
2025-06-24 16:42:45,734 - tg_bot - DEBUG - 机器人仍在运行，当前时间: 2025-06-24 16:42:45
2025-06-24 16:43:15,734 - tg_bot - DEBUG - 机器人仍在运行，当前时间: 2025-06-24 16:43:15
2025-06-24 16:43:45,735 - tg_bot - DEBUG - 机器人仍在运行，当前时间: 2025-06-24 16:43:45
2025-06-24 16:44:15,736 - tg_bot - DEBUG - 机器人仍在运行，当前时间: 2025-06-24 16:44:15
2025-06-24 16:44:45,737 - tg_bot - DEBUG - 机器人仍在运行，当前时间: 2025-06-24 16:44:45
2025-06-24 16:45:15,737 - tg_bot - DEBUG - 机器人仍在运行，当前时间: 2025-06-24 16:45:15
2025-06-24 16:45:45,738 - tg_bot - DEBUG - 机器人仍在运行，当前时间: 2025-06-24 16:45:45
2025-06-24 16:46:15,738 - tg_bot - DEBUG - 机器人仍在运行，当前时间: 2025-06-24 16:46:15
2025-06-24 16:46:45,741 - tg_bot - DEBUG - 机器人仍在运行，当前时间: 2025-06-24 16:46:45
2025-06-24 16:47:15,741 - tg_bot - DEBUG - 机器人仍在运行，当前时间: 2025-06-24 16:47:15
2025-06-24 16:47:45,742 - tg_bot - DEBUG - 机器人仍在运行，当前时间: 2025-06-24 16:47:45
2025-06-24 16:48:15,743 - tg_bot - DEBUG - 机器人仍在运行，当前时间: 2025-06-24 16:48:15
2025-06-24 16:48:45,744 - tg_bot - DEBUG - 机器人仍在运行，当前时间: 2025-06-24 16:48:45
2025-06-24 16:49:15,744 - tg_bot - DEBUG - 机器人仍在运行，当前时间: 2025-06-24 16:49:15
2025-06-24 16:49:45,746 - tg_bot - DEBUG - 机器人仍在运行，当前时间: 2025-06-24 16:49:45
2025-06-24 16:50:15,747 - tg_bot - DEBUG - 机器人仍在运行，当前时间: 2025-06-24 16:50:15
2025-06-24 16:50:45,749 - tg_bot - DEBUG - 机器人仍在运行，当前时间: 2025-06-24 16:50:45
2025-06-24 16:51:15,749 - tg_bot - DEBUG - 机器人仍在运行，当前时间: 2025-06-24 16:51:15
2025-06-24 16:51:45,750 - tg_bot - DEBUG - 机器人仍在运行，当前时间: 2025-06-24 16:51:45
2025-06-24 16:52:15,750 - tg_bot - DEBUG - 机器人仍在运行，当前时间: 2025-06-24 16:52:15
2025-06-24 16:52:45,751 - tg_bot - DEBUG - 机器人仍在运行，当前时间: 2025-06-24 16:52:45
2025-06-24 16:53:15,751 - tg_bot - DEBUG - 机器人仍在运行，当前时间: 2025-06-24 16:53:15
2025-06-24 16:53:45,753 - tg_bot - DEBUG - 机器人仍在运行，当前时间: 2025-06-24 16:53:45
2025-06-24 16:54:15,755 - tg_bot - DEBUG - 机器人仍在运行，当前时间: 2025-06-24 16:54:15
2025-06-24 16:54:45,757 - tg_bot - DEBUG - 机器人仍在运行，当前时间: 2025-06-24 16:54:45
2025-06-24 16:55:15,757 - tg_bot - DEBUG - 机器人仍在运行，当前时间: 2025-06-24 16:55:15
2025-06-24 16:55:45,759 - tg_bot - DEBUG - 机器人仍在运行，当前时间: 2025-06-24 16:55:45
2025-06-24 16:56:15,759 - tg_bot - DEBUG - 机器人仍在运行，当前时间: 2025-06-24 16:56:15
2025-06-24 16:56:45,760 - tg_bot - DEBUG - 机器人仍在运行，当前时间: 2025-06-24 16:56:45
2025-06-24 16:57:15,760 - tg_bot - DEBUG - 机器人仍在运行，当前时间: 2025-06-24 16:57:15
2025-06-24 16:57:45,761 - tg_bot - DEBUG - 机器人仍在运行，当前时间: 2025-06-24 16:57:45
2025-06-24 16:58:15,762 - tg_bot - DEBUG - 机器人仍在运行，当前时间: 2025-06-24 16:58:15
2025-06-24 16:58:45,763 - tg_bot - DEBUG - 机器人仍在运行，当前时间: 2025-06-24 16:58:45
2025-06-24 16:59:15,763 - tg_bot - DEBUG - 机器人仍在运行，当前时间: 2025-06-24 16:59:15
2025-06-24 16:59:45,766 - tg_bot - DEBUG - 机器人仍在运行，当前时间: 2025-06-24 16:59:45
2025-06-24 17:00:15,766 - tg_bot - DEBUG - 机器人仍在运行，当前时间: 2025-06-24 17:00:15
2025-06-24 17:00:45,769 - tg_bot - DEBUG - 机器人仍在运行，当前时间: 2025-06-24 17:00:45
2025-06-24 17:01:15,770 - tg_bot - DEBUG - 机器人仍在运行，当前时间: 2025-06-24 17:01:15
2025-06-24 17:01:45,775 - tg_bot - DEBUG - 机器人仍在运行，当前时间: 2025-06-24 17:01:45
2025-06-24 17:02:15,777 - tg_bot - DEBUG - 机器人仍在运行，当前时间: 2025-06-24 17:02:15
2025-06-24 17:02:45,778 - tg_bot - DEBUG - 机器人仍在运行，当前时间: 2025-06-24 17:02:45
2025-06-24 17:03:15,802 - tg_bot - DEBUG - 机器人仍在运行，当前时间: 2025-06-24 17:03:15
2025-06-24 17:03:45,803 - tg_bot - DEBUG - 机器人仍在运行，当前时间: 2025-06-24 17:03:45
2025-06-24 17:04:15,803 - tg_bot - DEBUG - 机器人仍在运行，当前时间: 2025-06-24 17:04:15
2025-06-24 17:04:45,803 - tg_bot - DEBUG - 机器人仍在运行，当前时间: 2025-06-24 17:04:45
2025-06-24 17:05:15,804 - tg_bot - DEBUG - 机器人仍在运行，当前时间: 2025-06-24 17:05:15
2025-06-24 17:05:45,805 - tg_bot - DEBUG - 机器人仍在运行，当前时间: 2025-06-24 17:05:45
2025-06-24 17:06:15,806 - tg_bot - DEBUG - 机器人仍在运行，当前时间: 2025-06-24 17:06:15
2025-06-24 17:06:45,806 - tg_bot - DEBUG - 机器人仍在运行，当前时间: 2025-06-24 17:06:45
2025-06-24 17:07:15,808 - tg_bot - DEBUG - 机器人仍在运行，当前时间: 2025-06-24 17:07:15
2025-06-24 17:07:45,809 - tg_bot - DEBUG - 机器人仍在运行，当前时间: 2025-06-24 17:07:45
2025-06-24 17:08:15,812 - tg_bot - DEBUG - 机器人仍在运行，当前时间: 2025-06-24 17:08:15
2025-06-24 17:08:45,814 - tg_bot - DEBUG - 机器人仍在运行，当前时间: 2025-06-24 17:08:45
2025-06-24 17:09:15,815 - tg_bot - DEBUG - 机器人仍在运行，当前时间: 2025-06-24 17:09:15
2025-06-24 17:09:45,818 - tg_bot - DEBUG - 机器人仍在运行，当前时间: 2025-06-24 17:09:45
2025-06-24 17:10:15,279 - tg_bot - INFO - 收到来自[群组ID:-1001638841860]的新消息
2025-06-24 17:10:15,279 - tg_bot - DEBUG - 完整消息内容: 
2025-06-24 17:10:15,279 - tg_bot - INFO - 发送消息到日志记录群组...
2025-06-24 17:10:15,280 - tg_bot - INFO - 收到来自[群组ID:-1001638841860]的新消息
2025-06-24 17:10:15,280 - tg_bot - DEBUG - 完整消息内容: 周二限价做单思路

多单思路：回调103300附近做多，目标104800-106500，止损101800

空单思路：106800-107000区间遇阻做空，目标105-103，止损108200
2025-06-24 17:10:15,281 - tg_bot - INFO - 发送消息到日志记录群组...
2025-06-24 17:10:15,281 - tg_bot - INFO - 收到来自[群组ID:-1001638841860]的新消息
2025-06-24 17:10:15,281 - tg_bot - DEBUG - 完整消息内容: 如果交易没有手续费反佣的兄弟，可以使用我邀请码注册交易所，返70%，bitget交易所目前体验非常好，远胜于OK和币安，流畅度高，并且市价或限价单即可滑动设置止盈止损，买U或卖U直接在币安上处理，然后和bigtet走链互转就行，喜欢手打的兄弟建议用bitget交易所玩呀，

邀请连接：https://partner.niftah.cn/bg/xpvtktp4

Bitget交易所（可升级为代量商自己拉客户）注册邀请码：7npm1723


bittet是目前我最喜欢的交易所了，反应快，单击即可设置挂单，图标滑动即可设置止盈止损挂单，滑动挂单时能动态显示亏损和盈利，这点超喜欢，比某些交易所的强太多了，体验非常好，见视频示，bitget非常适合手打交易所兄弟们，晚上睡觉也不怕错过单子了，
2025-06-24 17:10:15,281 - tg_bot - INFO - 发送消息到日志记录群组...
2025-06-24 17:10:15,660 - tg_bot - INFO - 消息已发送到日志记录群组
2025-06-24 17:10:15,660 - tg_bot - DEBUG - 正在从消息中提取交易信息: 周二限价做单思路

多单思路：回调103300附近做多，目标104800-106500，止损101800

空单思路：106800-107000区间遇阻做空，目标105-103，止损108200...
2025-06-24 17:10:15,660 - tg_bot - WARNING - 无法从消息中提取交易信息
2025-06-24 17:10:15,660 - tg_bot - INFO - 发送无交易信号通知到日志记录群组...
2025-06-24 17:10:15,661 - tg_bot - INFO - 消息已发送到日志记录群组
2025-06-24 17:10:15,661 - tg_bot - DEBUG - 正在从消息中提取交易信息: ...
2025-06-24 17:10:15,661 - tg_bot - WARNING - 无法从消息中提取交易信息
2025-06-24 17:10:15,661 - tg_bot - INFO - 发送无交易信号通知到日志记录群组...
2025-06-24 17:10:15,677 - tg_bot - INFO - 消息已发送到日志记录群组
2025-06-24 17:10:15,677 - tg_bot - DEBUG - 正在从消息中提取交易信息: 如果交易没有手续费反佣的兄弟，可以使用我邀请码注册交易所，返70%，bitget交易所目前体验非常好，远胜于OK和币安，流畅度高，并且市价或限价单即可滑动设置止盈止损，买U或卖U直接在币安上处理，然后...
2025-06-24 17:10:15,677 - tg_bot - WARNING - 无法从消息中提取交易信息
2025-06-24 17:10:15,677 - tg_bot - INFO - 发送无交易信号通知到日志记录群组...
2025-06-24 17:10:15,819 - tg_bot - DEBUG - 机器人仍在运行，当前时间: 2025-06-24 17:10:15
2025-06-24 17:10:15,978 - tg_bot - INFO - 无交易信号通知已发送
2025-06-24 17:10:16,003 - tg_bot - INFO - 无交易信号通知已发送
2025-06-24 17:10:16,015 - tg_bot - INFO - 无交易信号通知已发送
2025-06-24 17:10:45,820 - tg_bot - DEBUG - 机器人仍在运行，当前时间: 2025-06-24 17:10:45
2025-06-24 17:11:15,823 - tg_bot - DEBUG - 机器人仍在运行，当前时间: 2025-06-24 17:11:15
2025-06-24 17:11:45,824 - tg_bot - DEBUG - 机器人仍在运行，当前时间: 2025-06-24 17:11:45
2025-06-24 17:12:15,824 - tg_bot - DEBUG - 机器人仍在运行，当前时间: 2025-06-24 17:12:15
2025-06-24 17:12:45,825 - tg_bot - DEBUG - 机器人仍在运行，当前时间: 2025-06-24 17:12:45
2025-06-24 17:13:15,826 - tg_bot - DEBUG - 机器人仍在运行，当前时间: 2025-06-24 17:13:15
2025-06-24 17:13:45,827 - tg_bot - DEBUG - 机器人仍在运行，当前时间: 2025-06-24 17:13:45
2025-06-24 17:14:15,828 - tg_bot - DEBUG - 机器人仍在运行，当前时间: 2025-06-24 17:14:15
2025-06-24 17:14:45,829 - tg_bot - DEBUG - 机器人仍在运行，当前时间: 2025-06-24 17:14:45
2025-06-24 17:15:15,830 - tg_bot - DEBUG - 机器人仍在运行，当前时间: 2025-06-24 17:15:15
2025-06-24 17:15:45,831 - tg_bot - DEBUG - 机器人仍在运行，当前时间: 2025-06-24 17:15:45
2025-06-24 17:16:15,832 - tg_bot - DEBUG - 机器人仍在运行，当前时间: 2025-06-24 17:16:15
2025-06-24 17:16:45,833 - tg_bot - DEBUG - 机器人仍在运行，当前时间: 2025-06-24 17:16:45
2025-06-24 17:17:15,834 - tg_bot - DEBUG - 机器人仍在运行，当前时间: 2025-06-24 17:17:15
2025-06-24 17:17:45,835 - tg_bot - DEBUG - 机器人仍在运行，当前时间: 2025-06-24 17:17:45
2025-06-24 17:18:15,836 - tg_bot - DEBUG - 机器人仍在运行，当前时间: 2025-06-24 17:18:15
2025-06-24 17:18:45,837 - tg_bot - DEBUG - 机器人仍在运行，当前时间: 2025-06-24 17:18:45
2025-06-24 17:19:15,838 - tg_bot - DEBUG - 机器人仍在运行，当前时间: 2025-06-24 17:19:15
2025-06-24 17:19:45,847 - tg_bot - DEBUG - 机器人仍在运行，当前时间: 2025-06-24 17:19:45
2025-06-24 17:20:15,851 - tg_bot - DEBUG - 机器人仍在运行，当前时间: 2025-06-24 17:20:15
2025-06-24 17:20:45,853 - tg_bot - DEBUG - 机器人仍在运行，当前时间: 2025-06-24 17:20:45
2025-06-24 17:21:15,854 - tg_bot - DEBUG - 机器人仍在运行，当前时间: 2025-06-24 17:21:15
2025-06-24 17:21:15,854 - tg_bot - INFO - 达到重启时间，准备重启...
2025-06-24 17:21:16,114 - tg_bot - INFO - 正在断开Telegram连接...
2025-06-24 17:21:16,117 - tg_bot - INFO - ==================================================
2025-06-24 17:21:16,117 - tg_bot - INFO - Telegram 交易机器人停止运行
2025-06-24 17:21:16,118 - tg_bot - INFO - 停止时间: 2025-06-24 17:21:16
2025-06-24 17:21:16,118 - tg_bot - INFO - ==================================================
2025-06-24 17:21:16,119 - tg_bot - INFO - 等待2秒后重启...
2025-06-24 17:21:18,128 - tg_bot - INFO - 开始新的机器人会话，计划运行到: 2025-06-24 18:21:18.128405
2025-06-24 17:21:18,130 - tg_bot - INFO - ==================================================
2025-06-24 17:21:18,130 - tg_bot - INFO - Telegram 交易机器人启动
2025-06-24 17:21:18,130 - tg_bot - INFO - 启动时间: 2025-06-24 17:21:18
2025-06-24 17:21:18,130 - tg_bot - INFO - ==================================================
2025-06-24 17:21:18,130 - tg_bot - INFO - 开始加载配置文件...
2025-06-24 17:21:18,130 - tg_bot - INFO - 正在加载 Telegram 配置文件...
2025-06-24 17:21:18,131 - tg_bot - INFO - Telegram 配置文件加载成功
2025-06-24 17:21:18,131 - tg_bot - INFO - 开始加载 OKX 配置文件...
2025-06-24 17:21:18,132 - tg_bot - INFO - 正在加载 OKX 配置文件...
2025-06-24 17:21:18,132 - tg_bot - INFO - OKX 配置文件加载成功
2025-06-24 17:21:18,132 - tg_bot - INFO - 账号: Account1-PROD, 杠杆倍数: 10
2025-06-24 17:21:18,132 - tg_bot - INFO - 账号: Account2-QA, 杠杆倍数: 10
2025-06-24 17:21:18,132 - tg_bot - INFO - 正在为账号 Account1-PROD 设置杠杆倍数...
2025-06-24 17:21:18,255 - tg_bot - INFO - 设置 ETH-USDT-SWAP 的杠杆倍数为 10...
2025-06-24 17:21:18,818 - tg_bot - DEBUG - 设置杠杆结果: {'code': '0', 'data': [{'instId': 'ETH-USDT-SWAP', 'lever': '10', 'mgnMode': 'cross', 'posSide': ''}], 'msg': ''}
2025-06-24 17:21:18,818 - tg_bot - INFO - 设置 BTC-USDT-SWAP 的杠杆倍数为 10...
2025-06-24 17:21:19,025 - tg_bot - DEBUG - 设置杠杆结果: {'code': '0', 'data': [{'instId': 'BTC-USDT-SWAP', 'lever': '10', 'mgnMode': 'cross', 'posSide': ''}], 'msg': ''}
2025-06-24 17:21:19,028 - tg_bot - INFO - 正在为账号 Account2-QA 设置杠杆倍数...
2025-06-24 17:21:19,143 - tg_bot - INFO - 设置 ETH-USDT-SWAP 的杠杆倍数为 10...
2025-06-24 17:21:19,636 - tg_bot - DEBUG - 设置杠杆结果: {'code': '0', 'data': [{'instId': 'ETH-USDT-SWAP', 'lever': '10', 'mgnMode': 'cross', 'posSide': ''}], 'msg': ''}
2025-06-24 17:21:19,636 - tg_bot - INFO - 设置 BTC-USDT-SWAP 的杠杆倍数为 10...
2025-06-24 17:21:19,844 - tg_bot - DEBUG - 设置杠杆结果: {'code': '0', 'data': [{'instId': 'BTC-USDT-SWAP', 'lever': '10', 'mgnMode': 'cross', 'posSide': ''}], 'msg': ''}
2025-06-24 17:21:19,846 - tg_bot - INFO - 开始加载监听群组...
2025-06-24 17:21:19,846 - tg_bot - INFO - 正在加载监听群组列表...
2025-06-24 17:21:19,848 - tg_bot - INFO - 已加载 2 个监听群组
2025-06-24 17:21:19,848 - tg_bot - INFO - 监听群组 IDs: [-1001638841860, -4831222036]
2025-06-24 17:21:19,848 - tg_bot - INFO - 代理配置已加载: 127.0.0.1:12334
2025-06-24 17:21:19,848 - tg_bot - INFO - 开始创建 Telegram 客户端...
2025-06-24 17:21:21,474 - tg_bot - INFO - Telegram 客户端已连接，开始监听群组: [-1001638841860, -4831222036]
2025-06-24 17:21:51,475 - tg_bot - DEBUG - 机器人仍在运行，当前时间: 2025-06-24 17:21:51
2025-06-24 17:22:21,475 - tg_bot - DEBUG - 机器人仍在运行，当前时间: 2025-06-24 17:22:21
2025-06-24 17:22:51,476 - tg_bot - DEBUG - 机器人仍在运行，当前时间: 2025-06-24 17:22:51
2025-06-24 17:23:21,477 - tg_bot - DEBUG - 机器人仍在运行，当前时间: 2025-06-24 17:23:21
2025-06-24 17:23:51,478 - tg_bot - DEBUG - 机器人仍在运行，当前时间: 2025-06-24 17:23:51
2025-06-24 17:24:21,480 - tg_bot - DEBUG - 机器人仍在运行，当前时间: 2025-06-24 17:24:21
2025-06-24 17:24:51,480 - tg_bot - DEBUG - 机器人仍在运行，当前时间: 2025-06-24 17:24:51
2025-06-24 17:25:21,481 - tg_bot - DEBUG - 机器人仍在运行，当前时间: 2025-06-24 17:25:21
2025-06-24 17:25:51,483 - tg_bot - DEBUG - 机器人仍在运行，当前时间: 2025-06-24 17:25:51
2025-06-24 17:26:21,484 - tg_bot - DEBUG - 机器人仍在运行，当前时间: 2025-06-24 17:26:21
2025-06-24 17:26:51,485 - tg_bot - DEBUG - 机器人仍在运行，当前时间: 2025-06-24 17:26:51
2025-06-24 17:27:21,485 - tg_bot - DEBUG - 机器人仍在运行，当前时间: 2025-06-24 17:27:21
2025-06-24 17:27:51,486 - tg_bot - DEBUG - 机器人仍在运行，当前时间: 2025-06-24 17:27:51
2025-06-24 17:28:21,487 - tg_bot - DEBUG - 机器人仍在运行，当前时间: 2025-06-24 17:28:21
2025-06-24 17:28:51,488 - tg_bot - DEBUG - 机器人仍在运行，当前时间: 2025-06-24 17:28:51
2025-06-24 17:29:21,489 - tg_bot - DEBUG - 机器人仍在运行，当前时间: 2025-06-24 17:29:21
2025-06-24 17:29:51,491 - tg_bot - DEBUG - 机器人仍在运行，当前时间: 2025-06-24 17:29:51
2025-06-24 17:30:21,492 - tg_bot - DEBUG - 机器人仍在运行，当前时间: 2025-06-24 17:30:21
2025-06-24 17:30:51,493 - tg_bot - DEBUG - 机器人仍在运行，当前时间: 2025-06-24 17:30:51
2025-06-24 17:31:21,493 - tg_bot - DEBUG - 机器人仍在运行，当前时间: 2025-06-24 17:31:21
2025-06-24 17:31:51,493 - tg_bot - DEBUG - 机器人仍在运行，当前时间: 2025-06-24 17:31:51
2025-06-24 17:32:21,494 - tg_bot - DEBUG - 机器人仍在运行，当前时间: 2025-06-24 17:32:21
2025-06-24 17:32:51,496 - tg_bot - DEBUG - 机器人仍在运行，当前时间: 2025-06-24 17:32:51
2025-06-24 17:33:21,498 - tg_bot - DEBUG - 机器人仍在运行，当前时间: 2025-06-24 17:33:21
2025-06-24 17:33:51,500 - tg_bot - DEBUG - 机器人仍在运行，当前时间: 2025-06-24 17:33:51
2025-06-24 17:34:21,501 - tg_bot - DEBUG - 机器人仍在运行，当前时间: 2025-06-24 17:34:21
2025-06-24 17:34:51,567 - tg_bot - DEBUG - 机器人仍在运行，当前时间: 2025-06-24 17:34:51
2025-06-24 17:35:21,568 - tg_bot - DEBUG - 机器人仍在运行，当前时间: 2025-06-24 17:35:21
2025-06-24 17:35:51,570 - tg_bot - DEBUG - 机器人仍在运行，当前时间: 2025-06-24 17:35:51
2025-06-24 17:36:21,572 - tg_bot - DEBUG - 机器人仍在运行，当前时间: 2025-06-24 17:36:21
2025-06-24 17:36:51,574 - tg_bot - DEBUG - 机器人仍在运行，当前时间: 2025-06-24 17:36:51
2025-06-24 17:37:21,576 - tg_bot - DEBUG - 机器人仍在运行，当前时间: 2025-06-24 17:37:21
2025-06-24 17:37:51,579 - tg_bot - DEBUG - 机器人仍在运行，当前时间: 2025-06-24 17:37:51
2025-06-24 17:38:21,581 - tg_bot - DEBUG - 机器人仍在运行，当前时间: 2025-06-24 17:38:21
2025-06-24 17:38:51,581 - tg_bot - DEBUG - 机器人仍在运行，当前时间: 2025-06-24 17:38:51
2025-06-24 17:39:21,582 - tg_bot - DEBUG - 机器人仍在运行，当前时间: 2025-06-24 17:39:21
2025-06-24 17:39:51,585 - tg_bot - DEBUG - 机器人仍在运行，当前时间: 2025-06-24 17:39:51
2025-06-24 17:40:21,588 - tg_bot - DEBUG - 机器人仍在运行，当前时间: 2025-06-24 17:40:21
2025-06-24 17:40:51,588 - tg_bot - DEBUG - 机器人仍在运行，当前时间: 2025-06-24 17:40:51
2025-06-24 17:41:21,590 - tg_bot - DEBUG - 机器人仍在运行，当前时间: 2025-06-24 17:41:21
2025-06-24 17:41:51,591 - tg_bot - DEBUG - 机器人仍在运行，当前时间: 2025-06-24 17:41:51
2025-06-24 17:42:21,592 - tg_bot - DEBUG - 机器人仍在运行，当前时间: 2025-06-24 17:42:21
2025-06-24 17:42:51,594 - tg_bot - DEBUG - 机器人仍在运行，当前时间: 2025-06-24 17:42:51
2025-06-24 17:43:21,595 - tg_bot - DEBUG - 机器人仍在运行，当前时间: 2025-06-24 17:43:21
2025-06-24 17:43:51,597 - tg_bot - DEBUG - 机器人仍在运行，当前时间: 2025-06-24 17:43:51
2025-06-24 17:44:21,599 - tg_bot - DEBUG - 机器人仍在运行，当前时间: 2025-06-24 17:44:21
2025-06-24 17:44:51,600 - tg_bot - DEBUG - 机器人仍在运行，当前时间: 2025-06-24 17:44:51
2025-06-24 17:45:21,602 - tg_bot - DEBUG - 机器人仍在运行，当前时间: 2025-06-24 17:45:21
2025-06-24 17:45:51,604 - tg_bot - DEBUG - 机器人仍在运行，当前时间: 2025-06-24 17:45:51
2025-06-24 17:46:21,604 - tg_bot - DEBUG - 机器人仍在运行，当前时间: 2025-06-24 17:46:21
2025-06-24 17:46:51,606 - tg_bot - DEBUG - 机器人仍在运行，当前时间: 2025-06-24 17:46:51
2025-06-24 17:47:21,609 - tg_bot - DEBUG - 机器人仍在运行，当前时间: 2025-06-24 17:47:21
2025-06-24 17:47:51,610 - tg_bot - DEBUG - 机器人仍在运行，当前时间: 2025-06-24 17:47:51
2025-06-24 17:48:21,612 - tg_bot - DEBUG - 机器人仍在运行，当前时间: 2025-06-24 17:48:21
2025-06-24 17:48:51,615 - tg_bot - DEBUG - 机器人仍在运行，当前时间: 2025-06-24 17:48:51
2025-06-24 17:49:21,616 - tg_bot - DEBUG - 机器人仍在运行，当前时间: 2025-06-24 17:49:21
2025-06-24 17:49:51,619 - tg_bot - DEBUG - 机器人仍在运行，当前时间: 2025-06-24 17:49:51
2025-06-24 17:50:21,620 - tg_bot - DEBUG - 机器人仍在运行，当前时间: 2025-06-24 17:50:21
2025-06-24 17:50:51,623 - tg_bot - DEBUG - 机器人仍在运行，当前时间: 2025-06-24 17:50:51
2025-06-24 17:51:21,624 - tg_bot - DEBUG - 机器人仍在运行，当前时间: 2025-06-24 17:51:21
2025-06-24 17:51:51,625 - tg_bot - DEBUG - 机器人仍在运行，当前时间: 2025-06-24 17:51:51
2025-06-24 17:52:21,626 - tg_bot - DEBUG - 机器人仍在运行，当前时间: 2025-06-24 17:52:21
2025-06-24 17:52:51,627 - tg_bot - DEBUG - 机器人仍在运行，当前时间: 2025-06-24 17:52:51
2025-06-24 17:53:21,627 - tg_bot - DEBUG - 机器人仍在运行，当前时间: 2025-06-24 17:53:21
2025-06-24 17:53:51,630 - tg_bot - DEBUG - 机器人仍在运行，当前时间: 2025-06-24 17:53:51
2025-06-24 17:54:21,631 - tg_bot - DEBUG - 机器人仍在运行，当前时间: 2025-06-24 17:54:21
2025-06-24 17:54:51,633 - tg_bot - DEBUG - 机器人仍在运行，当前时间: 2025-06-24 17:54:51
2025-06-24 17:55:21,634 - tg_bot - DEBUG - 机器人仍在运行，当前时间: 2025-06-24 17:55:21
2025-06-24 17:55:51,635 - tg_bot - DEBUG - 机器人仍在运行，当前时间: 2025-06-24 17:55:51
2025-06-24 17:56:21,636 - tg_bot - DEBUG - 机器人仍在运行，当前时间: 2025-06-24 17:56:21
2025-06-24 17:56:51,637 - tg_bot - DEBUG - 机器人仍在运行，当前时间: 2025-06-24 17:56:51
2025-06-24 17:57:21,643 - tg_bot - DEBUG - 机器人仍在运行，当前时间: 2025-06-24 17:57:21
